<?xml version="1.0" encoding="UTF-8"?>
<!-- Generated by org.testng.reporters.JUnitXMLReporter -->
<testsuite hostname="CATL0XWAS00324" ignored="0" name="TC_02_AddUser_in_TimePortal" tests="1" failures="1" timestamp="24 Jul 2018 13:35:39 GMT" time="164.479" errors="0">
  <testcase name="Actitime_ManageUSer" time="0.387" classname="com.cox.testscripts.TC_02_AddUser_in_TimePortal">
    <failure type="org.openqa.selenium.ElementClickInterceptedException" message="Element not clickable at point (895,17). Other element would receive the click: &amp;lt;div class=&amp;quot;transformedMoireClass&amp;quot; id=&amp;quot;preInsertedTransformedMoireId&amp;quot; style=&amp;quot;transition:opacity 600ms ease-in-out; opacity: 0;&amp;quot;&amp;gt;&amp;lt;/div&amp;gt;
Build info: version: &amp;apos;3.13.0&amp;apos;, revision: &amp;apos;2f0d292&amp;apos;, time: &amp;apos;2018-06-25T15:24:21.231Z&amp;apos;
System info: host: &amp;apos;CATL0XWAS00324&amp;apos;, ip: &amp;apos;10.64.56.167&amp;apos;, os.name: &amp;apos;Windows Server 2016&amp;apos;, os.arch: &amp;apos;amd64&amp;apos;, os.version: &amp;apos;10.0&amp;apos;, java.version: &amp;apos;1.8.0_171&amp;apos;
Driver info: org.openqa.selenium.ie.InternetExplorerDriver
Capabilities {acceptInsecureCerts: false, browserName: internet explorer, browserVersion: 11, javascriptEnabled: true, pageLoadStrategy: normal, platform: WINDOWS, platformName: WINDOWS, proxy: Proxy(), se:ieOptions: {browserAttachTimeout: 0, elementScrollBehavior: 0, enablePersistentHover: true, ie.browserCommandLineSwitches: , ie.ensureCleanSession: false, ie.fileUploadDialogTimeout: 3000, ie.forceCreateProcessApi: false, ignoreProtectedModeSettings: false, ignoreZoomSetting: false, initialBrowserUrl: http://localhost:48010/, nativeEvents: true, requireWindowFocus: false}, setWindowRect: true, timeouts: {implicit: 0, pageLoad: 300000, script: 30000}}
Session ID: 570dc6bd-32a3-4de0-8a7e-145172a8f509">
      <![CDATA[org.openqa.selenium.ElementClickInterceptedException: Element not clickable at point (895,17). Other element would receive the click: <div class="transformedMoireClass" id="preInsertedTransformedMoireId" style="transition:opacity 600ms ease-in-out; opacity: 0;"></div>Build info: version: '3.13.0', revision: '2f0d292', time: '2018-06-25T15:24:21.231Z'System info: host: 'CATL0XWAS00324', ip: '10.64.56.167', os.name: 'Windows Server 2016', os.arch: 'amd64', os.version: '10.0', java.version: '1.8.0_171'Driver info: org.openqa.selenium.ie.InternetExplorerDriverCapabilities {acceptInsecureCerts: false, browserName: internet explorer, browserVersion: 11, javascriptEnabled: true, pageLoadStrategy: normal, platform: WINDOWS, platformName: WINDOWS, proxy: Proxy(), se:ieOptions: {browserAttachTimeout: 0, elementScrollBehavior: 0, enablePersistentHover: true, ie.browserCommandLineSwitches: , ie.ensureCleanSession: false, ie.fileUploadDialogTimeout: 3000, ie.forceCreateProcessApi: false, ignoreProtectedModeSettings: false, ignoreZoomSetting: false, initialBrowserUrl: http://localhost:48010/, nativeEvents: true, requireWindowFocus: false}, setWindowRect: true, timeouts: {implicit: 0, pageLoad: 300000, script: 30000}}Session ID: 570dc6bd-32a3-4de0-8a7e-145172a8f509at org.openqa.selenium.remote.http.W3CHttpResponseCodec.createException(W3CHttpResponseCodec.java:187)at org.openqa.selenium.remote.http.W3CHttpResponseCodec.decode(W3CHttpResponseCodec.java:122)at org.openqa.selenium.remote.http.W3CHttpResponseCodec.decode(W3CHttpResponseCodec.java:49)at org.openqa.selenium.remote.HttpCommandExecutor.execute(HttpCommandExecutor.java:158)at org.openqa.selenium.remote.service.DriverCommandExecutor.execute(DriverCommandExecutor.java:83)at org.openqa.selenium.remote.RemoteWebDriver.execute(RemoteWebDriver.java:548)at org.openqa.selenium.remote.RemoteWebElement.execute(RemoteWebElement.java:276)at org.openqa.selenium.remote.RemoteWebElement.click(RemoteWebElement.java:83)at org.openqa.selenium.support.pagefactory.internal.LocatingElementHandler.invoke(LocatingElementHandler.java:51)at com.sun.proxy.$Proxy10.click(Unknown Source)at com.cox.pages.ManageUserpage.ManageUser_portal(ManageUserpage.java:29)at com.cox.testscripts.TC_02_AddUser_in_TimePortal.Actitime_ManageUSer(TC_02_AddUser_in_TimePortal.java:24)... Removed 33 stack frames]]>
    </failure>
  </testcase> <!-- Actitime_ManageUSer -->
</testsuite> <!-- TC_02_AddUser_in_TimePortal -->
