<?xml version="1.0" encoding="UTF-8"?>
<testng-results skipped="0" failed="1" ignored="0" total="2" passed="1">
  <reporter-output>
  </reporter-output>
  <suite name="Sanity" duration-ms="181637" started-at="2018-07-24T13:32:37Z" finished-at="2018-07-24T13:35:39Z">
    <groups>
    </groups>
    <test name="TC_001_Login_in_Time_portal" duration-ms="17120" started-at="2018-07-24T13:32:37Z" finished-at="2018-07-24T13:32:54Z">
      <class name="com.cox.testscripts.TC_001_Login_in_Time_portal">
        <test-method status="PASS" signature="intitalizePortal(java.lang.String)[pri:0, instance:com.cox.testscripts.TC_001_Login_in_Time_portal@6093dd95]" name="intitalizePortal" is-config="true" duration-ms="14765" started-at="2018-07-24T09:32:37Z" finished-at="2018-07-24T09:32:52Z">
          <params>
            <param index="0">
              <value>
                <![CDATA[chrome]]>
              </value>
            </param>
          </params>
          <reporter-output>
          </reporter-output>
        </test-method> <!-- intitalizePortal -->
        <test-method status="PASS" signature="Actitime_loginTitlepageTest()[pri:0, instance:com.cox.testscripts.TC_001_Login_in_Time_portal@6093dd95]" name="Actitime_loginTitlepageTest" duration-ms="12" started-at="2018-07-24T09:32:52Z" finished-at="2018-07-24T09:32:52Z">
          <reporter-output>
          </reporter-output>
        </test-method> <!-- Actitime_loginTitlepageTest -->
        <test-method status="PASS" signature="closeSetup()[pri:0, instance:com.cox.testscripts.TC_001_Login_in_Time_portal@6093dd95]" name="closeSetup" is-config="true" duration-ms="2321" started-at="2018-07-24T09:32:52Z" finished-at="2018-07-24T09:32:54Z">
          <reporter-output>
          </reporter-output>
        </test-method> <!-- closeSetup -->
      </class> <!-- com.cox.testscripts.TC_001_Login_in_Time_portal -->
    </test> <!-- TC_001_Login_in_Time_portal -->
    <test name="TC_02_AddUser_in_TimePortal" duration-ms="164479" started-at="2018-07-24T13:32:54Z" finished-at="2018-07-24T13:35:39Z">
      <class name="com.cox.testscripts.TC_02_AddUser_in_TimePortal">
        <test-method status="PASS" signature="intitalizePortal(java.lang.String)[pri:0, instance:com.cox.testscripts.TC_02_AddUser_in_TimePortal@73ad2d6]" name="intitalizePortal" is-config="true" duration-ms="164065" started-at="2018-07-24T09:32:54Z" finished-at="2018-07-24T09:35:38Z">
          <params>
            <param index="0">
              <value>
                <![CDATA[IE]]>
              </value>
            </param>
          </params>
          <reporter-output>
          </reporter-output>
        </test-method> <!-- intitalizePortal -->
        <test-method status="FAIL" signature="Actitime_ManageUSer()[pri:0, instance:com.cox.testscripts.TC_02_AddUser_in_TimePortal@73ad2d6]" name="Actitime_ManageUSer" duration-ms="387" started-at="2018-07-24T09:35:38Z" finished-at="2018-07-24T09:35:39Z">
          <exception class="org.openqa.selenium.ElementClickInterceptedException">
            <message>
              <![CDATA[Element not clickable at point (895,17). Other element would receive the click: <div class="transformedMoireClass" id="preInsertedTransformedMoireId" style="transition:opacity 600ms ease-in-out; opacity: 0;"></div>Build info: version: '3.13.0', revision: '2f0d292', time: '2018-06-25T15:24:21.231Z'System info: host: 'CATL0XWAS00324', ip: '10.64.56.167', os.name: 'Windows Server 2016', os.arch: 'amd64', os.version: '10.0', java.version: '1.8.0_171'Driver info: org.openqa.selenium.ie.InternetExplorerDriverCapabilities {acceptInsecureCerts: false, browserName: internet explorer, browserVersion: 11, javascriptEnabled: true, pageLoadStrategy: normal, platform: WINDOWS, platformName: WINDOWS, proxy: Proxy(), se:ieOptions: {browserAttachTimeout: 0, elementScrollBehavior: 0, enablePersistentHover: true, ie.browserCommandLineSwitches: , ie.ensureCleanSession: false, ie.fileUploadDialogTimeout: 3000, ie.forceCreateProcessApi: false, ignoreProtectedModeSettings: false, ignoreZoomSetting: false, initialBrowserUrl: http://localhost:48010/, nativeEvents: true, requireWindowFocus: false}, setWindowRect: true, timeouts: {implicit: 0, pageLoad: 300000, script: 30000}}Session ID: 570dc6bd-32a3-4de0-8a7e-145172a8f509]]>
            </message>
            <full-stacktrace>
              <![CDATA[org.openqa.selenium.ElementClickInterceptedException: Element not clickable at point (895,17). Other element would receive the click: <div class="transformedMoireClass" id="preInsertedTransformedMoireId" style="transition:opacity 600ms ease-in-out; opacity: 0;"></div>Build info: version: '3.13.0', revision: '2f0d292', time: '2018-06-25T15:24:21.231Z'System info: host: 'CATL0XWAS00324', ip: '10.64.56.167', os.name: 'Windows Server 2016', os.arch: 'amd64', os.version: '10.0', java.version: '1.8.0_171'Driver info: org.openqa.selenium.ie.InternetExplorerDriverCapabilities {acceptInsecureCerts: false, browserName: internet explorer, browserVersion: 11, javascriptEnabled: true, pageLoadStrategy: normal, platform: WINDOWS, platformName: WINDOWS, proxy: Proxy(), se:ieOptions: {browserAttachTimeout: 0, elementScrollBehavior: 0, enablePersistentHover: true, ie.browserCommandLineSwitches: , ie.ensureCleanSession: false, ie.fileUploadDialogTimeout: 3000, ie.forceCreateProcessApi: false, ignoreProtectedModeSettings: false, ignoreZoomSetting: false, initialBrowserUrl: http://localhost:48010/, nativeEvents: true, requireWindowFocus: false}, setWindowRect: true, timeouts: {implicit: 0, pageLoad: 300000, script: 30000}}Session ID: 570dc6bd-32a3-4de0-8a7e-145172a8f509at sun.reflect.NativeConstructorAccessorImpl.newInstance0(Native Method)at sun.reflect.NativeConstructorAccessorImpl.newInstance(NativeConstructorAccessorImpl.java:62)at sun.reflect.DelegatingConstructorAccessorImpl.newInstance(DelegatingConstructorAccessorImpl.java:45)at java.lang.reflect.Constructor.newInstance(Constructor.java:423)at org.openqa.selenium.remote.http.W3CHttpResponseCodec.createException(W3CHttpResponseCodec.java:187)at org.openqa.selenium.remote.http.W3CHttpResponseCodec.decode(W3CHttpResponseCodec.java:122)at org.openqa.selenium.remote.http.W3CHttpResponseCodec.decode(W3CHttpResponseCodec.java:49)at org.openqa.selenium.remote.HttpCommandExecutor.execute(HttpCommandExecutor.java:158)at org.openqa.selenium.remote.service.DriverCommandExecutor.execute(DriverCommandExecutor.java:83)at org.openqa.selenium.remote.RemoteWebDriver.execute(RemoteWebDriver.java:548)at org.openqa.selenium.remote.RemoteWebElement.execute(RemoteWebElement.java:276)at org.openqa.selenium.remote.RemoteWebElement.click(RemoteWebElement.java:83)at sun.reflect.NativeMethodAccessorImpl.invoke0(Native Method)at sun.reflect.NativeMethodAccessorImpl.invoke(NativeMethodAccessorImpl.java:62)at sun.reflect.DelegatingMethodAccessorImpl.invoke(DelegatingMethodAccessorImpl.java:43)at java.lang.reflect.Method.invoke(Method.java:498)at org.openqa.selenium.support.pagefactory.internal.LocatingElementHandler.invoke(LocatingElementHandler.java:51)at com.sun.proxy.$Proxy10.click(Unknown Source)at com.cox.pages.ManageUserpage.ManageUser_portal(ManageUserpage.java:29)at com.cox.testscripts.TC_02_AddUser_in_TimePortal.Actitime_ManageUSer(TC_02_AddUser_in_TimePortal.java:24)at sun.reflect.NativeMethodAccessorImpl.invoke0(Native Method)at sun.reflect.NativeMethodAccessorImpl.invoke(NativeMethodAccessorImpl.java:62)at sun.reflect.DelegatingMethodAccessorImpl.invoke(DelegatingMethodAccessorImpl.java:43)at java.lang.reflect.Method.invoke(Method.java:498)at org.testng.internal.MethodInvocationHelper.invokeMethod(MethodInvocationHelper.java:124)at org.testng.internal.Invoker.invokeMethod(Invoker.java:571)at org.testng.internal.Invoker.invokeTestMethod(Invoker.java:707)at org.testng.internal.Invoker.invokeTestMethods(Invoker.java:979)at org.testng.internal.TestMethodWorker.invokeTestMethods(TestMethodWorker.java:125)at org.testng.internal.TestMethodWorker.run(TestMethodWorker.java:109)at org.testng.TestRunner.privateRun(TestRunner.java:648)at org.testng.TestRunner.run(TestRunner.java:505)at org.testng.SuiteRunner.runTest(SuiteRunner.java:455)at org.testng.SuiteRunner.runSequentially(SuiteRunner.java:450)at org.testng.SuiteRunner.privateRun(SuiteRunner.java:415)at org.testng.SuiteRunner.run(SuiteRunner.java:364)at org.testng.SuiteRunnerWorker.runSuite(SuiteRunnerWorker.java:52)at org.testng.SuiteRunnerWorker.run(SuiteRunnerWorker.java:84)at org.testng.TestNG.runSuitesSequentially(TestNG.java:1187)at org.testng.TestNG.runSuitesLocally(TestNG.java:1116)at org.testng.TestNG.runSuites(TestNG.java:1028)at org.testng.TestNG.run(TestNG.java:996)at org.testng.remote.AbstractRemoteTestNG.run(AbstractRemoteTestNG.java:114)at org.testng.remote.RemoteTestNG.initAndRun(RemoteTestNG.java:251)at org.testng.remote.RemoteTestNG.main(RemoteTestNG.java:77)]]>
            </full-stacktrace>
          </exception> <!-- org.openqa.selenium.ElementClickInterceptedException -->
          <reporter-output>
          </reporter-output>
        </test-method> <!-- Actitime_ManageUSer -->
        <test-method status="PASS" signature="closeSetup()[pri:0, instance:com.cox.testscripts.TC_02_AddUser_in_TimePortal@73ad2d6]" name="closeSetup" is-config="true" duration-ms="23" started-at="2018-07-24T09:35:39Z" finished-at="2018-07-24T09:35:39Z">
          <reporter-output>
          </reporter-output>
        </test-method> <!-- closeSetup -->
      </class> <!-- com.cox.testscripts.TC_02_AddUser_in_TimePortal -->
    </test> <!-- TC_02_AddUser_in_TimePortal -->
  </suite> <!-- Sanity -->
</testng-results>
